# JRE version: OpenJDK Runtime Environment AdoptOpenJDK-11.0.11+9 (11.0.11+9) (build 11.0.11+9)
# Java VM: OpenJDK 64-Bit Server VM AdoptOpenJDK-11.0.11+9 (11.0.11+9, mixed mode, tiered, compressed oops, parallel gc, windows-amd64)
Heap:
 PSYoungGen      total 3072K, used 2029K [0x00000000eab00000, 0x00000000eb180000, 0x0000000100000000)
  eden space 2048K, 67% used [0x00000000eab00000,0x00000000eac5aea0,0x00000000ead00000)
  from space 1024K, 62% used [0x00000000eb000000,0x00000000eb0a07d0,0x00000000eb100000)
  to   space 512K, 0% used [0x00000000eb100000,0x00000000eb100000,0x00000000eb180000)
 ParOldGen       total 148992K, used 136635K [0x00000000c0000000, 0x00000000c9180000, 0x00000000eab00000)
  object space 148992K, 91% used [0x00000000c0000000,0x00000000c856ef40,0x00000000c9180000)
 Metaspace       used 80250K, capacity 83864K, committed 84096K, reserved 1124352K
  class space    used 7510K, capacity 8778K, committed 8832K, reserved 1048576K
GC Heap History (20 events):
Event: 3984.561 GC heap before
{Heap before GC invocations=1823 (full 61):
 PSYoungGen      total 7680K, used 6368K [0x00000000eab00000, 0x00000000eb580000, 0x0000000100000000)
  eden space 5120K, 100% used [0x00000000eab00000,0x00000000eb000000,0x00000000eb000000)
  from space 2560K, 48% used [0x00000000eb180000,0x00000000eb2b8000,0x00000000eb400000)
  to   space 1536K, 0% used [0x00000000eb400000,0x00000000eb400000,0x00000000eb580000)
 ParOldGen       total 148992K, used 125068K [0x00000000c0000000, 0x00000000c9180000, 0x00000000eab00000)
  object space 148992K, 83% used [0x00000000c0000000,0x00000000c7a23060,0x00000000c9180000)
 Metaspace       used 80192K, capacity 83800K, committed 84096K, reserved 1124352K
  class space    used 7502K, capacity 8778K, committed 8832K, reserved 1048576K
}
Event: 3984.567 GC heap after
{Heap after GC invocations=1823 (full 61):
 PSYoungGen      total 5632K, used 464K [0x00000000eab00000, 0x00000000eb480000, 0x0000000100000000)
  eden space 5120K, 0% used [0x00000000eab00000,0x00000000eab00000,0x00000000eb000000)
  from space 512K, 90% used [0x00000000eb400000,0x00000000eb474010,0x00000000eb480000)
  to   space 1024K, 0% used [0x00000000eb280000,0x00000000eb280000,0x00000000eb380000)
 ParOldGen       total 148992K, used 126240K [0x00000000c0000000, 0x00000000c9180000, 0x00000000eab00000)
  object space 148992K, 84% used [0x00000000c0000000,0x00000000c7b483b8,0x00000000c9180000)
 Metaspace       used 80192K, capacity 83800K, committed 84096K, reserved 1124352K
  class space    used 7502K, capacity 8778K, committed 8832K, reserved 1048576K
}
Event: 3985.289 GC heap before
{Heap before GC invocations=1824 (full 61):
 PSYoungGen      total 5632K, used 5584K [0x00000000eab00000, 0x00000000eb480000, 0x0000000100000000)
  eden space 5120K, 100% used [0x00000000eab00000,0x00000000eb000000,0x00000000eb000000)
  from space 512K, 90% used [0x00000000eb400000,0x00000000eb474010,0x00000000eb480000)
  to   space 1024K, 0% used [0x00000000eb280000,0x00000000eb280000,0x00000000eb380000)
 ParOldGen       total 148992K, used 126240K [0x00000000c0000000, 0x00000000c9180000, 0x00000000eab00000)
  object space 148992K, 84% used [0x00000000c0000000,0x00000000c7b483b8,0x00000000c9180000)
 Metaspace       used 80230K, capacity 83800K, committed 84096K, reserved 1124352K
  class space    used 7507K, capacity 8778K, committed 8832K, reserved 1048576K
}
Event: 3985.297 GC heap after
{Heap after GC invocations=1824 (full 61):
 PSYoungGen      total 6144K, used 1019K [0x00000000eab00000, 0x00000000eb600000, 0x0000000100000000)
  eden space 5120K, 0% used [0x00000000eab00000,0x00000000eab00000,0x00000000eb000000)
  from space 1024K, 99% used [0x00000000eb280000,0x00000000eb37ed90,0x00000000eb380000)
  to   space 2560K, 0% used [0x00000000eb380000,0x00000000eb380000,0x00000000eb600000)
 ParOldGen       total 148992K, used 127564K [0x00000000c0000000, 0x00000000c9180000, 0x00000000eab00000)
  object space 148992K, 85% used [0x00000000c0000000,0x00000000c7c93148,0x00000000c9180000)
 Metaspace       used 80230K, capacity 83800K, committed 84096K, reserved 1124352K
  class space    used 7507K, capacity 8778K, committed 8832K, reserved 1048576K
}
Event: 3985.342 GC heap before
{Heap before GC invocations=1825 (full 61):
 PSYoungGen      total 6144K, used 6139K [0x00000000eab00000, 0x00000000eb600000, 0x0000000100000000)
  eden space 5120K, 100% used [0x00000000eab00000,0x00000000eb000000,0x00000000eb000000)
  from space 1024K, 99% used [0x00000000eb280000,0x00000000eb37ed90,0x00000000eb380000)
  to   space 2560K, 0% used [0x00000000eb380000,0x00000000eb380000,0x00000000eb600000)
 ParOldGen       total 148992K, used 127564K [0x00000000c0000000, 0x00000000c9180000, 0x00000000eab00000)
  object space 148992K, 85% used [0x00000000c0000000,0x00000000c7c93148,0x00000000c9180000)
 Metaspace       used 80230K, capacity 83800K, committed 84096K, reserved 1124352K
  class space    used 7507K, capacity 8778K, committed 8832K, reserved 1048576K
}
Event: 3985.348 GC heap after
{Heap after GC invocations=1825 (full 61):
 PSYoungGen      total 4608K, used 2560K [0x00000000eab00000, 0x00000000ebd00000, 0x0000000100000000)
  eden space 2048K, 0% used [0x00000000eab00000,0x00000000eab00000,0x00000000ead00000)
  from space 2560K, 100% used [0x00000000eb380000,0x00000000eb600000,0x00000000eb600000)
  to   space 6656K, 0% used [0x00000000ead00000,0x00000000ead00000,0x00000000eb380000)
 ParOldGen       total 148992K, used 130654K [0x00000000c0000000, 0x00000000c9180000, 0x00000000eab00000)
  object space 148992K, 87% used [0x00000000c0000000,0x00000000c7f97918,0x00000000c9180000)
 Metaspace       used 80230K, capacity 83800K, committed 84096K, reserved 1124352K
  class space    used 7507K, capacity 8778K, committed 8832K, reserved 1048576K
}
Event: 3985.359 GC heap before
{Heap before GC invocations=1826 (full 61):
 PSYoungGen      total 4608K, used 4608K [0x00000000eab00000, 0x00000000ebd00000, 0x0000000100000000)
  eden space 2048K, 100% used [0x00000000eab00000,0x00000000ead00000,0x00000000ead00000)
  from space 2560K, 100% used [0x00000000eb380000,0x00000000eb600000,0x00000000eb600000)
  to   space 6656K, 0% used [0x00000000ead00000,0x00000000ead00000,0x00000000eb380000)
 ParOldGen       total 148992K, used 130654K [0x00000000c0000000, 0x00000000c9180000, 0x00000000eab00000)
  object space 148992K, 87% used [0x00000000c0000000,0x00000000c7f97918,0x00000000c9180000)
 Metaspace       used 80230K, capacity 83800K, committed 84096K, reserved 1124352K
  class space    used 7507K, capacity 8778K, committed 8832K, reserved 1048576K
}
Event: 3985.364 GC heap after
{Heap after GC invocations=1826 (full 61):
 PSYoungGen      total 2560K, used 512K [0x00000000eab00000, 0x00000000eb400000, 0x0000000100000000)
  eden space 2048K, 0% used [0x00000000eab00000,0x00000000eab00000,0x00000000ead00000)
  from space 512K, 100% used [0x00000000ead00000,0x00000000ead80000,0x00000000ead80000)
  to   space 2560K, 0% used [0x00000000eb180000,0x00000000eb180000,0x00000000eb400000)
 ParOldGen       total 148992K, used 133252K [0x00000000c0000000, 0x00000000c9180000, 0x00000000eab00000)
  object space 148992K, 89% used [0x00000000c0000000,0x00000000c82213a0,0x00000000c9180000)
 Metaspace       used 80230K, capacity 83800K, committed 84096K, reserved 1124352K
  class space    used 7507K, capacity 8778K, committed 8832K, reserved 1048576K
}
Event: 3985.371 GC heap before
{Heap before GC invocations=1827 (full 61):
 PSYoungGen      total 2560K, used 2560K [0x00000000eab00000, 0x00000000eb400000, 0x0000000100000000)
  eden space 2048K, 100% used [0x00000000eab00000,0x00000000ead00000,0x00000000ead00000)
  from space 512K, 100% used [0x00000000ead00000,0x00000000ead80000,0x00000000ead80000)
  to   space 2560K, 0% used [0x00000000eb180000,0x00000000eb180000,0x00000000eb400000)
 ParOldGen       total 148992K, used 133252K [0x00000000c0000000, 0x00000000c9180000, 0x00000000eab00000)
  object space 148992K, 89% used [0x00000000c0000000,0x00000000c82213a0,0x00000000c9180000)
 Metaspace       used 80230K, capacity 83800K, committed 84096K, reserved 1124352K
  class space    used 7507K, capacity 8778K, committed 8832K, reserved 1048576K
}
Event: 3985.373 GC heap after
{Heap after GC invocations=1827 (full 61):
 PSYoungGen      total 3072K, used 544K [0x00000000eab00000, 0x00000000eb280000, 0x0000000100000000)
  eden space 2048K, 0% used [0x00000000eab00000,0x00000000eab00000,0x00000000ead00000)
  from space 1024K, 53% used [0x00000000eb180000,0x00000000eb208000,0x00000000eb280000)
  to   space 1024K, 0% used [0x00000000eb080000,0x00000000eb080000,0x00000000eb180000)
 ParOldGen       total 148992K, used 133708K [0x00000000c0000000, 0x00000000c9180000, 0x00000000eab00000)
  object space 148992K, 89% used [0x00000000c0000000,0x00000000c82933a0,0x00000000c9180000)
 Metaspace       used 80230K, capacity 83800K, committed 84096K, reserved 1124352K
  class space    used 7507K, capacity 8778K, committed 8832K, reserved 1048576K
}
Event: 3985.383 GC heap before
{Heap before GC invocations=1828 (full 61):
 PSYoungGen      total 3072K, used 2592K [0x00000000eab00000, 0x00000000eb280000, 0x0000000100000000)
  eden space 2048K, 100% used [0x00000000eab00000,0x00000000ead00000,0x00000000ead00000)
  from space 1024K, 53% used [0x00000000eb180000,0x00000000eb208000,0x00000000eb280000)
  to   space 1024K, 0% used [0x00000000eb080000,0x00000000eb080000,0x00000000eb180000)
 ParOldGen       total 148992K, used 133708K [0x00000000c0000000, 0x00000000c9180000, 0x00000000eab00000)
  object space 148992K, 89% used [0x00000000c0000000,0x00000000c82933a0,0x00000000c9180000)
 Metaspace       used 80234K, capacity 83800K, committed 84096K, reserved 1124352K
  class space    used 7507K, capacity 8778K, committed 8832K, reserved 1048576K
}
Event: 3985.385 GC heap after
{Heap after GC invocations=1828 (full 61):
 PSYoungGen      total 3072K, used 576K [0x00000000eab00000, 0x00000000eb200000, 0x0000000100000000)
  eden space 2048K, 0% used [0x00000000eab00000,0x00000000eab00000,0x00000000ead00000)
  from space 1024K, 56% used [0x00000000eb080000,0x00000000eb110000,0x00000000eb180000)
  to   space 512K, 0% used [0x00000000eb180000,0x00000000eb180000,0x00000000eb200000)
 ParOldGen       total 148992K, used 134188K [0x00000000c0000000, 0x00000000c9180000, 0x00000000eab00000)
  object space 148992K, 90% used [0x00000000c0000000,0x00000000c830b3a0,0x00000000c9180000)
 Metaspace       used 80234K, capacity 83800K, committed 84096K, reserved 1124352K
  class space    used 7507K, capacity 8778K, committed 8832K, reserved 1048576K
}
Event: 3985.398 GC heap before
{Heap before GC invocations=1829 (full 61):
 PSYoungGen      total 3072K, used 2624K [0x00000000eab00000, 0x00000000eb200000, 0x0000000100000000)
  eden space 2048K, 100% used [0x00000000eab00000,0x00000000ead00000,0x00000000ead00000)
  from space 1024K, 56% used [0x00000000eb080000,0x00000000eb110000,0x00000000eb180000)
  to   space 512K, 0% used [0x00000000eb180000,0x00000000eb180000,0x00000000eb200000)
 ParOldGen       total 148992K, used 134188K [0x00000000c0000000, 0x00000000c9180000, 0x00000000eab00000)
  object space 148992K, 90% used [0x00000000c0000000,0x00000000c830b3a0,0x00000000c9180000)
 Metaspace       used 80235K, capacity 83800K, committed 84096K, reserved 1124352K
  class space    used 7507K, capacity 8778K, committed 8832K, reserved 1048576K
}
Event: 3985.400 GC heap after
{Heap after GC invocations=1829 (full 61):
 PSYoungGen      total 2560K, used 512K [0x00000000eab00000, 0x00000000eb200000, 0x0000000100000000)
  eden space 2048K, 0% used [0x00000000eab00000,0x00000000eab00000,0x00000000ead00000)
  from space 512K, 100% used [0x00000000eb180000,0x00000000eb200000,0x00000000eb200000)
  to   space 1536K, 0% used [0x00000000eaf00000,0x00000000eaf00000,0x00000000eb080000)
 ParOldGen       total 148992K, used 134756K [0x00000000c0000000, 0x00000000c9180000, 0x00000000eab00000)
  object space 148992K, 90% used [0x00000000c0000000,0x00000000c83993a0,0x00000000c9180000)
 Metaspace       used 80235K, capacity 83800K, committed 84096K, reserved 1124352K
  class space    used 7507K, capacity 8778K, committed 8832K, reserved 1048576K
}
Event: 3985.419 GC heap before
{Heap before GC invocations=1830 (full 61):
 PSYoungGen      total 2560K, used 2560K [0x00000000eab00000, 0x00000000eb200000, 0x0000000100000000)
  eden space 2048K, 100% used [0x00000000eab00000,0x00000000ead00000,0x00000000ead00000)
  from space 512K, 100% used [0x00000000eb180000,0x00000000eb200000,0x00000000eb200000)
  to   space 1536K, 0% used [0x00000000eaf00000,0x00000000eaf00000,0x00000000eb080000)
 ParOldGen       total 148992K, used 134756K [0x00000000c0000000, 0x00000000c9180000, 0x00000000eab00000)
  object space 148992K, 90% used [0x00000000c0000000,0x00000000c83993a0,0x00000000c9180000)
 Metaspace       used 80240K, capacity 83864K, committed 84096K, reserved 1124352K
  class space    used 7507K, capacity 8778K, committed 8832K, reserved 1048576K
}
Event: 3985.421 GC heap after
{Heap after GC invocations=1830 (full 61):
 PSYoungGen      total 3584K, used 672K [0x00000000eab00000, 0x00000000eb200000, 0x0000000100000000)
  eden space 2048K, 0% used [0x00000000eab00000,0x00000000eab00000,0x00000000ead00000)
  from space 1536K, 43% used [0x00000000eaf00000,0x00000000eafa8000,0x00000000eb080000)
  to   space 1024K, 0% used [0x00000000eb100000,0x00000000eb100000,0x00000000eb200000)
 ParOldGen       total 148992K, used 135276K [0x00000000c0000000, 0x00000000c9180000, 0x00000000eab00000)
  object space 148992K, 90% used [0x00000000c0000000,0x00000000c841b3a0,0x00000000c9180000)
 Metaspace       used 80240K, capacity 83864K, committed 84096K, reserved 1124352K
  class space    used 7507K, capacity 8778K, committed 8832K, reserved 1048576K
}
Event: 3985.444 GC heap before
{Heap before GC invocations=1831 (full 61):
 PSYoungGen      total 3584K, used 2717K [0x00000000eab00000, 0x00000000eb200000, 0x0000000100000000)
  eden space 2048K, 99% used [0x00000000eab00000,0x00000000eacff588,0x00000000ead00000)
  from space 1536K, 43% used [0x00000000eaf00000,0x00000000eafa8000,0x00000000eb080000)
  to   space 1024K, 0% used [0x00000000eb100000,0x00000000eb100000,0x00000000eb200000)
 ParOldGen       total 148992K, used 135276K [0x00000000c0000000, 0x00000000c9180000, 0x00000000eab00000)
  object space 148992K, 90% used [0x00000000c0000000,0x00000000c841b3a0,0x00000000c9180000)
 Metaspace       used 80249K, capacity 83864K, committed 84096K, reserved 1124352K
  class space    used 7510K, capacity 8778K, committed 8832K, reserved 1048576K
}
Event: 3985.448 GC heap after
{Heap after GC invocations=1831 (full 61):
 PSYoungGen      total 3072K, used 736K [0x00000000eab00000, 0x00000000eb200000, 0x0000000100000000)
  eden space 2048K, 0% used [0x00000000eab00000,0x00000000eab00000,0x00000000ead00000)
  from space 1024K, 71% used [0x00000000eb100000,0x00000000eb1b8000,0x00000000eb200000)
  to   space 1024K, 0% used [0x00000000eb000000,0x00000000eb000000,0x00000000eb100000)
 ParOldGen       total 148992K, used 135929K [0x00000000c0000000, 0x00000000c9180000, 0x00000000eab00000)
  object space 148992K, 91% used [0x00000000c0000000,0x00000000c84be6f8,0x00000000c9180000)
 Metaspace       used 80249K, capacity 83864K, committed 84096K, reserved 1124352K
  class space    used 7510K, capacity 8778K, committed 8832K, reserved 1048576K
}
Event: 3985.470 GC heap before
{Heap before GC invocations=1832 (full 61):
 PSYoungGen      total 3072K, used 2762K [0x00000000eab00000, 0x00000000eb200000, 0x0000000100000000)
  eden space 2048K, 98% used [0x00000000eab00000,0x00000000eacfa8f8,0x00000000ead00000)
  from space 1024K, 71% used [0x00000000eb100000,0x00000000eb1b8000,0x00000000eb200000)
  to   space 1024K, 0% used [0x00000000eb000000,0x00000000eb000000,0x00000000eb100000)
 ParOldGen       total 148992K, used 135929K [0x00000000c0000000, 0x00000000c9180000, 0x00000000eab00000)
  object space 148992K, 91% used [0x00000000c0000000,0x00000000c84be6f8,0x00000000c9180000)
 Metaspace       used 80250K, capacity 83864K, committed 84096K, reserved 1124352K
  class space    used 7510K, capacity 8778K, committed 8832K, reserved 1048576K
}
Event: 3985.474 GC heap after
{Heap after GC invocations=1832 (full 61):
 PSYoungGen      total 3072K, used 641K [0x00000000eab00000, 0x00000000eb180000, 0x0000000100000000)
  eden space 2048K, 0% used [0x00000000eab00000,0x00000000eab00000,0x00000000ead00000)
  from space 1024K, 62% used [0x00000000eb000000,0x00000000eb0a07d0,0x00000000eb100000)
  to   space 512K, 0% used [0x00000000eb100000,0x00000000eb100000,0x00000000eb180000)
 ParOldGen       total 148992K, used 136635K [0x00000000c0000000, 0x00000000c9180000, 0x00000000eab00000)
  object space 148992K, 91% used [0x00000000c0000000,0x00000000c856ef40,0x00000000c9180000)
 Metaspace       used 80250K, capacity 83864K, committed 84096K, reserved 1124352K
  class space    used 7510K, capacity 8778K, committed 8832K, reserved 1048576K
}

